# JRE version: Java(TM) SE Runtime Environment (15.0+36) (build 15+36-1562)
# Java VM: Java HotSpot(TM) 64-Bit Server VM (15+36-1562, mixed mode, sharing, tiered, compressed oops, g1 gc, windows-amd64)
GC Precious Log:
 CPUs: 12 total, 12 available
 Memory: 7549M
 Large Page Support: Disabled
 NUMA Support: Disabled
 Compressed Oops: Enabled (32-bit)
 Heap Region Size: 1M
 Heap Min Capacity: 8M
 Heap Initial Capacity: 118M
 Heap Max Capacity: 1888M
 Pre-touch: Disabled
 Parallel Workers: 10
 Concurrent Workers: 3
 Concurrent Refinement Workers: 10
 Periodic GC: Disabled
Heap:
 garbage-first heap   total 458752K, used 135143K [0x000000008a000000, 0x0000000100000000)
  region size 1024K, 3 young (3072K), 3 survivors (3072K)
 Metaspace       used 4567K, capacity 6556K, committed 6656K, reserved 1056768K
  class space    used 564K, capacity 752K, committed 768K, reserved 1048576K
GC Heap History (18 events):
Event: 0.482 GC heap before
{Heap before GC invocations=0 (full 0):
 garbage-first heap   total 120832K, used 34816K [0x000000008a000000, 0x0000000100000000)
  region size 1024K, 23 young (23552K), 0 survivors (0K)
 Metaspace       used 4373K, capacity 6554K, committed 6656K, reserved 1056768K
  class space    used 550K, capacity 750K, committed 768K, reserved 1048576K
}
Event: 0.486 GC heap after
{Heap after GC invocations=1 (full 0):
 garbage-first heap   total 120832K, used 7605K [0x000000008a000000, 0x0000000100000000)
  region size 1024K, 3 young (3072K), 3 survivors (3072K)
 Metaspace       used 4373K, capacity 6554K, committed 6656K, reserved 1056768K
  class space    used 550K, capacity 750K, committed 768K, reserved 1048576K
}
Event: 0.554 GC heap before
{Heap before GC invocations=1 (full 0):
 garbage-first heap   total 120832K, used 66997K [0x000000008a000000, 0x0000000100000000)
  region size 1024K, 35 young (35840K), 3 survivors (3072K)
 Metaspace       used 4375K, capacity 6554K, committed 6656K, reserved 1056768K
  class space    used 550K, capacity 750K, committed 768K, reserved 1048576K
}
Event: 0.557 GC heap after
{Heap after GC invocations=2 (full 0):
 garbage-first heap   total 120832K, used 20218K [0x000000008a000000, 0x0000000100000000)
  region size 1024K, 3 young (3072K), 3 survivors (3072K)
 Metaspace       used 4375K, capacity 6554K, committed 6656K, reserved 1056768K
  class space    used 550K, capacity 750K, committed 768K, reserved 1048576K
}
Event: 0.686 GC heap before
{Heap before GC invocations=2 (full 0):
 garbage-first heap   total 120832K, used 120570K [0x000000008a000000, 0x0000000100000000)
  region size 1024K, 68 young (69632K), 3 survivors (3072K)
 Metaspace       used 4375K, capacity 6554K, committed 6656K, reserved 1056768K
  class space    used 550K, capacity 750K, committed 768K, reserved 1048576K
}
Event: 0.689 GC heap after
{Heap after GC invocations=3 (full 0):
 garbage-first heap   total 123904K, used 36592K [0x000000008a000000, 0x0000000100000000)
  region size 1024K, 3 young (3072K), 3 survivors (3072K)
 Metaspace       used 4375K, capacity 6554K, committed 6656K, reserved 1056768K
  class space    used 550K, capacity 750K, committed 768K, reserved 1048576K
}
Event: 0.728 GC heap before
{Heap before GC invocations=3 (full 0):
 garbage-first heap   total 123904K, used 59120K [0x000000008a000000, 0x0000000100000000)
  region size 1024K, 26 young (26624K), 3 survivors (3072K)
 Metaspace       used 4375K, capacity 6554K, committed 6656K, reserved 1056768K
  class space    used 550K, capacity 750K, committed 768K, reserved 1048576K
}
Event: 0.731 GC heap after
{Heap after GC invocations=4 (full 0):
 garbage-first heap   total 123904K, used 36400K [0x000000008a000000, 0x0000000100000000)
  region size 1024K, 3 young (3072K), 3 survivors (3072K)
 Metaspace       used 4375K, capacity 6554K, committed 6656K, reserved 1056768K
  class space    used 550K, capacity 750K, committed 768K, reserved 1048576K
}
Event: 0.882 GC heap before
{Heap before GC invocations=5 (full 0):
 garbage-first heap   total 173056K, used 172592K [0x000000008a000000, 0x0000000100000000)
  region size 1024K, 71 young (72704K), 3 survivors (3072K)
 Metaspace       used 4375K, capacity 6554K, committed 6656K, reserved 1056768K
  class space    used 550K, capacity 750K, committed 768K, reserved 1048576K
}
Event: 0.885 GC heap after
{Heap after GC invocations=6 (full 0):
 garbage-first heap   total 211968K, used 69124K [0x000000008a000000, 0x0000000100000000)
  region size 1024K, 3 young (3072K), 3 survivors (3072K)
 Metaspace       used 4375K, capacity 6554K, committed 6656K, reserved 1056768K
  class space    used 550K, capacity 750K, committed 768K, reserved 1048576K
}
Event: 0.999 GC heap before
{Heap before GC invocations=6 (full 0):
 garbage-first heap   total 211968K, used 130564K [0x000000008a000000, 0x0000000100000000)
  region size 1024K, 64 young (65536K), 3 survivors (3072K)
 Metaspace       used 4375K, capacity 6554K, committed 6656K, reserved 1056768K
  class space    used 550K, capacity 750K, committed 768K, reserved 1048576K
}
Event: 1.002 GC heap after
{Heap after GC invocations=7 (full 0):
 garbage-first heap   total 211968K, used 69344K [0x000000008a000000, 0x0000000100000000)
  region size 1024K, 3 young (3072K), 3 survivors (3072K)
 Metaspace       used 4375K, capacity 6554K, committed 6656K, reserved 1056768K
  class space    used 550K, capacity 750K, committed 768K, reserved 1048576K
}
Event: 1.278 GC heap before
{Heap before GC invocations=8 (full 0):
 garbage-first heap   total 336896K, used 319200K [0x000000008a000000, 0x0000000100000000)
  region size 1024K, 118 young (120832K), 3 survivors (3072K)
 Metaspace       used 4567K, capacity 6556K, committed 6656K, reserved 1056768K
  class space    used 564K, capacity 752K, committed 768K, reserved 1048576K
}
Event: 1.281 GC heap after
{Heap after GC invocations=9 (full 0):
 garbage-first heap   total 336896K, used 135281K [0x000000008a000000, 0x0000000100000000)
  region size 1024K, 4 young (4096K), 4 survivors (4096K)
 Metaspace       used 4567K, capacity 6556K, committed 6656K, reserved 1056768K
  class space    used 564K, capacity 752K, committed 768K, reserved 1048576K
}
Event: 1.505 GC heap before
{Heap before GC invocations=9 (full 0):
 garbage-first heap   total 336896K, used 269425K [0x000000008a000000, 0x0000000100000000)
  region size 1024K, 135 young (138240K), 4 survivors (4096K)
 Metaspace       used 4567K, capacity 6556K, committed 6656K, reserved 1056768K
  class space    used 564K, capacity 752K, committed 768K, reserved 1048576K
}
Event: 1.507 GC heap after
{Heap after GC invocations=10 (full 0):
 garbage-first heap   total 336896K, used 135120K [0x000000008a000000, 0x0000000100000000)
  region size 1024K, 3 young (3072K), 3 survivors (3072K)
 Metaspace       used 4567K, capacity 6556K, committed 6656K, reserved 1056768K
  class space    used 564K, capacity 752K, committed 768K, reserved 1048576K
}
Event: 1.527 GC heap before
{Heap before GC invocations=10 (full 0):
 garbage-first heap   total 336896K, used 146384K [0x000000008a000000, 0x0000000100000000)
  region size 1024K, 15 young (15360K), 3 survivors (3072K)
 Metaspace       used 4567K, capacity 6556K, committed 6656K, reserved 1056768K
  class space    used 564K, capacity 752K, committed 768K, reserved 1048576K
}
Event: 1.530 GC heap after
{Heap after GC invocations=11 (full 0):
 garbage-first heap   total 336896K, used 135143K [0x000000008a000000, 0x0000000100000000)
  region size 1024K, 3 young (3072K), 3 survivors (3072K)
 Metaspace       used 4567K, capacity 6556K, committed 6656K, reserved 1056768K
  class space    used 564K, capacity 752K, committed 768K, reserved 1048576K
}

